<?xml version="1.0" encoding="UTF-8"?>
<coverage generated="1566667119887" clover="3.2.0">
  <project timestamp="1566667119887" name="All files">
    <metrics statements="27" coveredstatements="18" conditionals="12" coveredconditionals="4" methods="3" coveredmethods="3" elements="42" coveredelements="25" complexity="0" loc="27" ncloc="27" packages="1" files="1" classes="1"/>
    <file name="toHexUtilit.js" path="D:\private\AlenaShkr-2019Q1\piskel-clone\src\components\modal-dialog\toHexUtilit.js">
      <metrics statements="27" coveredstatements="18" conditionals="12" coveredconditionals="4" methods="3" coveredmethods="3"/>
      <line num="2" count="8" type="stmt"/>
      <line num="3" count="8" type="cond" truecount="2" falsecount="0"/>
      <line num="7" count="2" type="stmt"/>
      <line num="11" count="2" type="stmt"/>
      <line num="12" count="2" type="stmt"/>
      <line num="13" count="2" type="stmt"/>
      <line num="14" count="2" type="stmt"/>
      <line num="15" count="2" type="stmt"/>
      <line num="16" count="2" type="stmt"/>
      <line num="17" count="2" type="stmt"/>
      <line num="18" count="2" type="stmt"/>
      <line num="19" count="2" type="stmt"/>
      <line num="20" count="2" type="stmt"/>
      <line num="21" count="2" type="stmt"/>
      <line num="22" count="2" type="cond" truecount="1" falsecount="1"/>
      <line num="23" count="0" type="cond" truecount="0" falsecount="2"/>
      <line num="24" count="0" type="stmt"/>
      <line num="26" count="0" type="stmt"/>
      <line num="28" count="0" type="cond" truecount="0" falsecount="2"/>
      <line num="29" count="0" type="stmt"/>
      <line num="30" count="0" type="cond" truecount="0" falsecount="2"/>
      <line num="31" count="0" type="stmt"/>
      <line num="33" count="0" type="stmt"/>
      <line num="36" count="2" type="stmt"/>
      <line num="37" count="2" type="cond" truecount="1" falsecount="1"/>
      <line num="38" count="0" type="stmt"/>
      <line num="40" count="2" type="stmt"/>
    </file>
  </project>
</coverage>
