{"D:\\private\\AlenaShkr-2019Q1\\piskel-clone\\src\\components\\modal-dialog\\toHexUtilit.js": {"path":"D:\\private\\AlenaShkr-2019Q1\\piskel-clone\\src\\components\\modal-dialog\\toHexUtilit.js","statementMap":{"0":{"start":{"line":2,"column":14},"end":{"line":2,"column":36}},"1":{"start":{"line":3,"column":2},"end":{"line":3,"column":44}},"2":{"start":{"line":7,"column":2},"end":{"line":7,"column":73}},"3":{"start":{"line":11,"column":10},"end":{"line":11,"column":16}},"4":{"start":{"line":12,"column":10},"end":{"line":12,"column":16}},"5":{"start":{"line":13,"column":10},"end":{"line":13,"column":16}},"6":{"start":{"line":14,"column":2},"end":{"line":14,"column":11}},"7":{"start":{"line":15,"column":2},"end":{"line":15,"column":11}},"8":{"start":{"line":16,"column":2},"end":{"line":16,"column":11}},"9":{"start":{"line":17,"column":14},"end":{"line":17,"column":31}},"10":{"start":{"line":18,"column":14},"end":{"line":18,"column":31}},"11":{"start":{"line":19,"column":10},"end":{"line":19,"column":11}},"12":{"start":{"line":20,"column":10},"end":{"line":20,"column":11}},"13":{"start":{"line":21,"column":12},"end":{"line":21,"column":27}},"14":{"start":{"line":22,"column":2},"end":{"line":35,"column":3}},"15":{"start":{"line":23,"column":4},"end":{"line":27,"column":5}},"16":{"start":{"line":24,"column":6},"end":{"line":24,"column":36}},"17":{"start":{"line":26,"column":6},"end":{"line":26,"column":42}},"18":{"start":{"line":28,"column":4},"end":{"line":34,"column":5}},"19":{"start":{"line":29,"column":6},"end":{"line":29,"column":32}},"20":{"start":{"line":30,"column":11},"end":{"line":34,"column":5}},"21":{"start":{"line":31,"column":6},"end":{"line":31,"column":36}},"22":{"start":{"line":33,"column":6},"end":{"line":33,"column":36}},"23":{"start":{"line":36,"column":2},"end":{"line":36,"column":10}},"24":{"start":{"line":37,"column":2},"end":{"line":39,"column":3}},"25":{"start":{"line":38,"column":4},"end":{"line":38,"column":13}},"26":{"start":{"line":40,"column":2},"end":{"line":40,"column":31}}},"fnMap":{"0":{"name":"componentToHex","decl":{"start":{"line":1,"column":9},"end":{"line":1,"column":23}},"loc":{"start":{"line":1,"column":35},"end":{"line":4,"column":1}},"line":1},"1":{"name":"rgbToHex","decl":{"start":{"line":6,"column":9},"end":{"line":6,"column":17}},"loc":{"start":{"line":6,"column":27},"end":{"line":8,"column":1}},"line":6},"2":{"name":"rgbToHSl","decl":{"start":{"line":10,"column":9},"end":{"line":10,"column":17}},"loc":{"start":{"line":10,"column":42},"end":{"line":41,"column":1}},"line":10}},"branchMap":{"0":{"loc":{"start":{"line":3,"column":9},"end":{"line":3,"column":43}},"type":"cond-expr","locations":[{"start":{"line":3,"column":28},"end":{"line":3,"column":37}},{"start":{"line":3,"column":40},"end":{"line":3,"column":43}}],"line":3},"1":{"loc":{"start":{"line":22,"column":2},"end":{"line":35,"column":3}},"type":"if","locations":[{"start":{"line":22,"column":2},"end":{"line":35,"column":3}},{"start":{"line":22,"column":2},"end":{"line":35,"column":3}}],"line":22},"2":{"loc":{"start":{"line":23,"column":4},"end":{"line":27,"column":5}},"type":"if","locations":[{"start":{"line":23,"column":4},"end":{"line":27,"column":5}},{"start":{"line":23,"column":4},"end":{"line":27,"column":5}}],"line":23},"3":{"loc":{"start":{"line":28,"column":4},"end":{"line":34,"column":5}},"type":"if","locations":[{"start":{"line":28,"column":4},"end":{"line":34,"column":5}},{"start":{"line":28,"column":4},"end":{"line":34,"column":5}}],"line":28},"4":{"loc":{"start":{"line":30,"column":11},"end":{"line":34,"column":5}},"type":"if","locations":[{"start":{"line":30,"column":11},"end":{"line":34,"column":5}},{"start":{"line":30,"column":11},"end":{"line":34,"column":5}}],"line":30},"5":{"loc":{"start":{"line":37,"column":2},"end":{"line":39,"column":3}},"type":"if","locations":[{"start":{"line":37,"column":2},"end":{"line":39,"column":3}},{"start":{"line":37,"column":2},"end":{"line":39,"column":3}}],"line":37}},"s":{"0":8,"1":8,"2":2,"3":2,"4":2,"5":2,"6":2,"7":2,"8":2,"9":2,"10":2,"11":2,"12":2,"13":2,"14":2,"15":0,"16":0,"17":0,"18":0,"19":0,"20":0,"21":0,"22":0,"23":2,"24":2,"25":0,"26":2},"f":{"0":8,"1":2,"2":2},"b":{"0":[4,4],"1":[0,2],"2":[0,0],"3":[0,0],"4":[0,0],"5":[0,2]},"_coverageSchema":"43e27e138ebf9cfc5966b082cf9a028302ed4184","hash":"c53d1f0375c5253e376ef08e094de92b5665968c"}
}
