TN:
SF:D:\private\AlenaShkr-2019Q1\piskel-clone\src\components\modal-dialog\toHexUtilit.js
FN:1,componentToHex
FN:6,rgbToHex
FN:10,rgbToHSl
FNF:3
FNH:3
FNDA:8,componentToHex
FNDA:2,rgbToHex
FNDA:2,rgbToHSl
DA:2,8
DA:3,8
DA:7,2
DA:11,2
DA:12,2
DA:13,2
DA:14,2
DA:15,2
DA:16,2
DA:17,2
DA:18,2
DA:19,2
DA:20,2
DA:21,2
DA:22,2
DA:23,0
DA:24,0
DA:26,0
DA:28,0
DA:29,0
DA:30,0
DA:31,0
DA:33,0
DA:36,2
DA:37,2
DA:38,0
DA:40,2
LF:27
LH:18
BRDA:3,0,0,4
BRDA:3,0,1,4
BRDA:22,1,0,0
BRDA:22,1,1,2
BRDA:23,2,0,0
BRDA:23,2,1,0
BRDA:28,3,0,0
BRDA:28,3,1,0
BRDA:30,4,0,0
BRDA:30,4,1,0
BRDA:37,5,0,0
BRDA:37,5,1,2
BRF:12
BRH:4
end_of_record
